###############################################################################
#
# IAR ANSI C/C++ Compiler V7.80.1.11864/W32 for ARM       03/Apr/2019  11:37:50
# Copyright 1999-2016 IAR Systems AB.
#
#    Cpu mode     =  thumb
#    Endian       =  little
#    Source file  =  
#        C:\C Pan\work\NFC
#        1-10\NFC2_1_10V\Project_NFC_1_10V\Application\src\filter.c
#    Command line =  
#        "C:\C Pan\work\NFC
#        1-10\NFC2_1_10V\Project_NFC_1_10V\Application\src\filter.c" -D
#        XMC1301_T038x0064 -D OT_NFC_IP67_200W -D NDEBUG -D ENABLT_WDT -D
#        ENABLE_COMM -D ENABLE_USART -D nDEBUG_PRINT -D nDEBUG_VERSION -D
#        MODULE_I2C -D MODULE_M24LRxx -D MODULE_NFC -D MODULE_NFC_DALI -D
#        ENASTRO -D NO_FAST_TIME_ASTRO -D NO_EN_CLM_TIME_FAST -D ENABLE_OVP -D
#        ENABLE_MOBILE -D ENABLE_ONE2TEN -D BYTEORDER_LITTLE_ENDIAN -D
#        AVAILABLE_PORTS_NUMBER=3 -D FW_HIGH=01 -D FW_LOW=02 -D ENASTRO -D
#        MPC_O2T_DEFAULT_SETTINGS -D MPC_O2T_DEFAULT_BOUNDARIES -lc "C:\C
#        Pan\work\NFC
#        1-10\NFC2_1_10V\Project_NFC_1_10V\IAR_Proj\output\200W\List" -o "C:\C
#        Pan\work\NFC
#        1-10\NFC2_1_10V\Project_NFC_1_10V\IAR_Proj\output\200W\Obj" --no_cse
#        --no_unroll --no_inline --no_code_motion --no_tbaa --no_clustering
#        --no_scheduling --debug --endian=little --cpu=Cortex-M0 -e --fpu=None
#        --dlib_config "C:\Program Files (x86)\IAR Systems\IAR ARM
#        7.8\arm\INC\c\DLib_Config_Normal.h" -I "C:\C Pan\work\NFC
#        1-10\NFC2_1_10V\Project_NFC_1_10V\IAR_Proj\..\XMC_Peripheral_Library\XMCLib\inc\"
#        -I "C:\C Pan\work\NFC
#        1-10\NFC2_1_10V\Project_NFC_1_10V\IAR_Proj\..\XMC_Peripheral_Library\CMSIS\Infineon\XMC1300_series\Include\"
#        -I "C:\C Pan\work\NFC
#        1-10\NFC2_1_10V\Project_NFC_1_10V\IAR_Proj\..\XMC_Peripheral_Library\CMSIS\Include\"
#        -I "C:\C Pan\work\NFC
#        1-10\NFC2_1_10V\Project_NFC_1_10V\IAR_Proj\..\Application\inc\" -I
#        "C:\C Pan\work\NFC
#        1-10\NFC2_1_10V\Project_NFC_1_10V\IAR_Proj\..\Driver\inc\" -I "C:\C
#        Pan\work\NFC
#        1-10\NFC2_1_10V\Project_NFC_1_10V\IAR_Proj\..\Import\Config\devices\"
#        -I "C:\C Pan\work\NFC
#        1-10\NFC2_1_10V\Project_NFC_1_10V\IAR_Proj\..\Import\Config\" -I "C:\C
#        Pan\work\NFC
#        1-10\NFC2_1_10V\Project_NFC_1_10V\IAR_Proj\..\Import\driver_ot\" -I
#        "C:\C Pan\work\NFC
#        1-10\NFC2_1_10V\Project_NFC_1_10V\IAR_Proj\..\Import\modules\CRC\api\"
#        -I "C:\C Pan\work\NFC
#        1-10\NFC2_1_10V\Project_NFC_1_10V\IAR_Proj\..\Import\modules\CRC\driver_api\"
#        -I "C:\C Pan\work\NFC
#        1-10\NFC2_1_10V\Project_NFC_1_10V\IAR_Proj\..\Import\modules\fileTank\"
#        -I "C:\C Pan\work\NFC
#        1-10\NFC2_1_10V\Project_NFC_1_10V\IAR_Proj\..\Import\modules\I2cExt\api\"
#        -I "C:\C Pan\work\NFC
#        1-10\NFC2_1_10V\Project_NFC_1_10V\IAR_Proj\..\Import\modules\I2cExt\driver_api\"
#        -I "C:\C Pan\work\NFC
#        1-10\NFC2_1_10V\Project_NFC_1_10V\IAR_Proj\..\Import\modules\NfcExt\api\"
#        -I "C:\C Pan\work\NFC
#        1-10\NFC2_1_10V\Project_NFC_1_10V\IAR_Proj\..\Import\modules\NfcExt\M24LRxx\"
#        -I "C:\C Pan\work\NFC
#        1-10\NFC2_1_10V\Project_NFC_1_10V\IAR_Proj\..\Application\src\modules\NVM\"
#        -I PROJ_DIR$\..\Application\src\modules\NVM\api\ -I "C:\C Pan\work\NFC
#        1-10\NFC2_1_10V\Project_NFC_1_10V\IAR_Proj\..\Application\src\modules\NVM\driver_api\"
#        -I "C:\C Pan\work\NFC
#        1-10\NFC2_1_10V\Project_NFC_1_10V\IAR_Proj\..\Application\src\modules\NVM\driver_xmc1300\"
#        -I "C:\C Pan\work\NFC
#        1-10\NFC2_1_10V\Project_NFC_1_10V\IAR_Proj\..\Application\src\modules\CRC\api\"
#        -I "C:\C Pan\work\NFC
#        1-10\NFC2_1_10V\Project_NFC_1_10V\IAR_Proj\..\Application\src\modules\CRC\driver_api\"
#        -I "C:\C Pan\work\NFC
#        1-10\NFC2_1_10V\Project_NFC_1_10V\IAR_Proj\..\Application\src\modules\currentset\"
#        -I "C:\C Pan\work\NFC
#        1-10\NFC2_1_10V\Project_NFC_1_10V\IAR_Proj\..\Application\src\modules\supplymonitor\"
#        -I "C:\C Pan\work\NFC
#        1-10\NFC2_1_10V\Project_NFC_1_10V\IAR_Proj\..\Application\src\modules\Dali\DaliServices\"
#        -I "C:\C Pan\work\NFC
#        1-10\NFC2_1_10V\Project_NFC_1_10V\IAR_Proj\..\Application\src\modules\Dali\HW\"
#        -I "C:\C Pan\work\NFC
#        1-10\NFC2_1_10V\Project_NFC_1_10V\IAR_Proj\..\Application\src\modules\Dali\iFace\Modules\"
#        -I "C:\C Pan\work\NFC
#        1-10\NFC2_1_10V\Project_NFC_1_10V\IAR_Proj\..\Application\src\modules\Dali\iFace\Optional\"
#        -I "C:\C Pan\work\NFC
#        1-10\NFC2_1_10V\Project_NFC_1_10V\IAR_Proj\..\Application\src\modules\Dali\iFace\Services\"
#        -I "C:\C Pan\work\NFC
#        1-10\NFC2_1_10V\Project_NFC_1_10V\IAR_Proj\..\Application\src\modules\MPC\Acl\"
#        -I "C:\C Pan\work\NFC
#        1-10\NFC2_1_10V\Project_NFC_1_10V\IAR_Proj\..\Application\src\modules\MPC\Alloc\"
#        -I "C:\C Pan\work\NFC
#        1-10\NFC2_1_10V\Project_NFC_1_10V\IAR_Proj\..\Application\src\modules\MPC\Alloc\Legacy\"
#        -I "C:\C Pan\work\NFC
#        1-10\NFC2_1_10V\Project_NFC_1_10V\IAR_Proj\..\Application\src\modules\MPC\Clm\"
#        -I "C:\C Pan\work\NFC
#        1-10\NFC2_1_10V\Project_NFC_1_10V\IAR_Proj\..\Application\src\modules\MPC\Csm\"
#        -I "C:\C Pan\work\NFC
#        1-10\NFC2_1_10V\Project_NFC_1_10V\IAR_Proj\..\Application\src\modules\MPC\Info\"
#        -I "C:\C Pan\work\NFC
#        1-10\NFC2_1_10V\Project_NFC_1_10V\IAR_Proj\..\Application\src\modules\MPC\MSK\"
#        -I "C:\C Pan\work\NFC
#        1-10\NFC2_1_10V\Project_NFC_1_10V\IAR_Proj\..\Application\src\modules\MPC\O2T\"
#        -I "C:\C Pan\work\NFC
#        1-10\NFC2_1_10V\Project_NFC_1_10V\IAR_Proj\..\Application\src\modules\MPC\AstroDim\"
#        -I "C:\C Pan\work\NFC
#        1-10\NFC2_1_10V\Project_NFC_1_10V\IAR_Proj\..\Application\src\modules\MPC\MSKEncryption\"
#        -I "C:\C Pan\work\NFC
#        1-10\NFC2_1_10V\Project_NFC_1_10V\IAR_Proj\..\Application\src\modules\MPC\Power\"
#        -I "C:\C Pan\work\NFC
#        1-10\NFC2_1_10V\Project_NFC_1_10V\IAR_Proj\..\Application\src\modules\MPC\EOL\"
#        -I "C:\C Pan\work\NFC
#        1-10\NFC2_1_10V\Project_NFC_1_10V\IAR_Proj\..\Application\src\modules\NFC\"
#        -I "C:\C Pan\work\NFC
#        1-10\NFC2_1_10V\Project_NFC_1_10V\IAR_Proj\..\Application\src\modules\I2C\"
#        -I "C:\C Pan\work\NFC
#        1-10\NFC2_1_10V\Project_NFC_1_10V\IAR_Proj\..\Application\src\modules\XMCLib\XMCLib\inc\"
#        -I "C:\C Pan\work\NFC
#        1-10\NFC2_1_10V\Project_NFC_1_10V\IAR_Proj\..\Application\src\modules\XMCLib\CMSIS\Include\"
#        -I "C:\C Pan\work\NFC
#        1-10\NFC2_1_10V\Project_NFC_1_10V\IAR_Proj\..\Application\src\modules\XMCLib\CMSIS\Infineon\XMC1300_series\Include\"
#        -I "C:\C Pan\work\NFC
#        1-10\NFC2_1_10V\Project_NFC_1_10V\IAR_Proj\..\Application\src\modules\CRC16\"
#        -I "C:\C Pan\work\NFC
#        1-10\NFC2_1_10V\Project_NFC_1_10V\IAR_Proj\..\Application\src\hwdrivers\XMC1300\"
#        -I "C:\C Pan\work\NFC
#        1-10\NFC2_1_10V\Project_NFC_1_10V\IAR_Proj\..\Application\src\modules\NVM\api\"
#        -I "C:\C Pan\work\NFC
#        1-10\NFC2_1_10V\Project_NFC_1_10V\IAR_Proj\..\Application\src\modules\supplymonitor\"
#        -Ol
#    Locale       =  Chinese (Simplified)_CHN.936
#    List file    =  
#        C:\C Pan\work\NFC
#        1-10\NFC2_1_10V\Project_NFC_1_10V\IAR_Proj\output\200W\List\filter.lst
#    Object file  =  
#        C:\C Pan\work\NFC
#        1-10\NFC2_1_10V\Project_NFC_1_10V\IAR_Proj\output\200W\Obj\filter.o
#
###############################################################################

C:\C Pan\work\NFC 1-10\NFC2_1_10V\Project_NFC_1_10V\Application\src\filter.c
      1          /*
      2          ***************************************************************************************************
      3          *                               Data Filter Algorithm
      4          *
      5          * File   : filter.c
      6          * Author : Douglas Xie
      7          * Date   : 2017.12.19
      8          ***************************************************************************************************
      9          * Copyright (C) 2017 OSRAM Asia Pacific Management Company.  All rights reserved.
     10          ***************************************************************************************************
     11          */
     12          
     13          
     14          /* Include Head Files ---------------------------------------------------------------------------*/
     15          #include "stdint.h"
     16          #include "stdbool.h"
     17          #include "filter.h"
     18          
     19          /* Macro Defines --------------------------------------------------------------------------------*/
     20          #define FILTER_RANK     10
     21          #define FILTER_RATIO    {0.2, 0.15, 0.15, 0.1, 0.1, 0.1, 0.05, 0.05, 0.05, 0.05}
     22          
     23          /* Private Variable -----------------------------------------------------------------------------*/
     24          const float  filter_ratio[FILTER_RANK] = FILTER_RATIO;
     25          
     26          struct
     27          {
     28              bool init_state;
     29              uint16_t output;
     30              uint16_t input[FILTER_RANK];
     31          } filter = 
     32          {
     33              .init_state = true,
     34              .output = 0
     35          };
     36          
     37          
     38          /* Global Variable ------------------------------------------------------------------------------*/
     39          
     40          /* Function Declaration -------------------------------------------------------------------------*/
     41          
     42          /* Function Implement ---------------------------------------------------------------------------*/
     43          
     44          /*******************************************************************************
     45          * @Brief   Filter Algorithm Init
     46          * @Param   
     47          * @Note    
     48          * @Return  
     49          *******************************************************************************/
     50          void Filter_Init(void)
     51          {
     52              uint16_t i = 0;
     53              
     54              for(i=0; i<FILTER_RANK; i++)
     55              {
     56                  filter.input[i] = 0;
     57              }
     58          
     59              filter.output = 0;
     60              filter.init_state = true;
     61          }
     62          
     63          
     64          /*******************************************************************************
     65          * @Brief   Filter Data Input
     66          * @Param   [in]din: input data
     67          * @Note    
     68          * @Return  filter result
     69          *******************************************************************************/
     70          uint16_t Filter_Input(uint16_t din)
     71          {
     72              uint16_t i = 0;
     73              float temp = 0;
     74          
     75              if(filter.init_state == true)
     76              {
     77                  /* first enter filter after init */
     78                  for(i=0; i<FILTER_RANK; i++)
     79                  {
     80                      filter.input[i] = din;
     81                  }
     82                  
     83                  filter.init_state = false;
     84                  filter.output = din;        
     85              }
     86              else
     87              {
     88                  /* shift data queue */
     89                  for(i=1; i<FILTER_RANK; i++)
     90                  {
     91                      filter.input[i] = filter.input[i-1];
     92                  }
     93                  filter.input[0] = din;
     94                  
     95                  /* filter with rank ratio */
     96                  for(i=0; i<FILTER_RANK; i++)
     97                  {
     98                      temp += filter.input[i] * filter_ratio[i];
     99                  }
    100                  
    101                  filter.output = (uint16_t)temp;
    102              }
    103              
    104              return filter.output;   
    105          }
    106          
    107          /*******************************************************************************
    108          * @Brief   Filter Data Output
    109          * @Param   
    110          * @Note    
    111          * @Return  filter result
    112          *******************************************************************************/
    113          uint16_t Filter_GetOnput(void)
    114          {
    115              return filter.output;
    116          }
    117          
    118          /**************** (C) COPYRIGHT OSRAM Asia Pacific Management Company *********END OF FILE*********/

   Maximum stack usage in bytes:

   .cstack Function
   ------- --------
       0   Filter_GetOnput
       4   Filter_Init
      16   Filter_Input
        16   -> __aeabi_f2iz
        16   -> __aeabi_fadd
        16   -> __aeabi_fmul
        16   -> __aeabi_ui2f


   Section sizes:

   Bytes  Function/Label
   -----  --------------
       4  ??DataTable2
       4  ??DataTable2_1
       6  Filter_GetOnput
      44  Filter_Init
     156  Filter_Input
      24  filter
      40  filter_ratio

 
  24 bytes in section .data
  40 bytes in section .rodata
 214 bytes in section .text
 
 214 bytes of CODE  memory
  40 bytes of CONST memory
  24 bytes of DATA  memory

Errors: none
Warnings: none
