###############################################################################
#
# IAR ANSI C/C++ Compiler V7.80.1.11864/W32 for ARM       22/Apr/2019  10:37:00
# Copyright 1999-2016 IAR Systems AB.
#
#    Cpu mode     =  thumb
#    Endian       =  little
#    Source file  =  
#        C:\C Pan\work\NFC 1-10\NFC2_1_10V\Project_NFC_1_10V\Driver\src\tick.c
#    Command line =  
#        "C:\C Pan\work\NFC
#        1-10\NFC2_1_10V\Project_NFC_1_10V\Driver\src\tick.c" -D
#        XMC1301_T038x0064 -D OT_NFC_IP67_200W -D NDEBUG -D ENABLT_WDT -D
#        ENABLE_COMM -D ENABLE_USART -D nDEBUG_PRINT -D nDEBUG_VERSION -D
#        MODULE_I2C -D MODULE_M24LRxx -D MODULE_NFC -D MODULE_NFC_DALI -D
#        ENASTRO -D NO_FAST_TIME_ASTRO -D NO_EN_CLM_TIME_FAST -D ENABLE_OVP -D
#        ENABLE_MOBILE -D ENABLE_ONE2TEN -D BYTEORDER_LITTLE_ENDIAN -D
#        AVAILABLE_PORTS_NUMBER=3 -D FW_HIGH=01 -D FW_LOW=02 -D ENASTRO -D
#        MPC_O2T_DEFAULT_SETTINGS -D MPC_O2T_DEFAULT_BOUNDARIES -lc "C:\C
#        Pan\work\NFC
#        1-10\NFC2_1_10V\Project_NFC_1_10V\IAR_Proj\output\200W\List" -o "C:\C
#        Pan\work\NFC
#        1-10\NFC2_1_10V\Project_NFC_1_10V\IAR_Proj\output\200W\Obj" --no_cse
#        --no_unroll --no_inline --no_code_motion --no_tbaa --no_clustering
#        --no_scheduling --debug --endian=little --cpu=Cortex-M0 -e --fpu=None
#        --dlib_config "C:\Program Files (x86)\IAR Systems\IAR ARM
#        7.8\arm\INC\c\DLib_Config_Normal.h" -I "C:\C Pan\work\NFC
#        1-10\NFC2_1_10V\Project_NFC_1_10V\IAR_Proj\..\XMC_Peripheral_Library\XMCLib\inc\"
#        -I "C:\C Pan\work\NFC
#        1-10\NFC2_1_10V\Project_NFC_1_10V\IAR_Proj\..\XMC_Peripheral_Library\CMSIS\Infineon\XMC1300_series\Include\"
#        -I "C:\C Pan\work\NFC
#        1-10\NFC2_1_10V\Project_NFC_1_10V\IAR_Proj\..\XMC_Peripheral_Library\CMSIS\Include\"
#        -I "C:\C Pan\work\NFC
#        1-10\NFC2_1_10V\Project_NFC_1_10V\IAR_Proj\..\Application\inc\" -I
#        "C:\C Pan\work\NFC
#        1-10\NFC2_1_10V\Project_NFC_1_10V\IAR_Proj\..\Driver\inc\" -I "C:\C
#        Pan\work\NFC
#        1-10\NFC2_1_10V\Project_NFC_1_10V\IAR_Proj\..\Import\Config\devices\"
#        -I "C:\C Pan\work\NFC
#        1-10\NFC2_1_10V\Project_NFC_1_10V\IAR_Proj\..\Import\Config\" -I "C:\C
#        Pan\work\NFC
#        1-10\NFC2_1_10V\Project_NFC_1_10V\IAR_Proj\..\Import\driver_ot\" -I
#        "C:\C Pan\work\NFC
#        1-10\NFC2_1_10V\Project_NFC_1_10V\IAR_Proj\..\Import\modules\CRC\api\"
#        -I "C:\C Pan\work\NFC
#        1-10\NFC2_1_10V\Project_NFC_1_10V\IAR_Proj\..\Import\modules\CRC\driver_api\"
#        -I "C:\C Pan\work\NFC
#        1-10\NFC2_1_10V\Project_NFC_1_10V\IAR_Proj\..\Import\modules\fileTank\"
#        -I "C:\C Pan\work\NFC
#        1-10\NFC2_1_10V\Project_NFC_1_10V\IAR_Proj\..\Import\modules\I2cExt\api\"
#        -I "C:\C Pan\work\NFC
#        1-10\NFC2_1_10V\Project_NFC_1_10V\IAR_Proj\..\Import\modules\I2cExt\driver_api\"
#        -I "C:\C Pan\work\NFC
#        1-10\NFC2_1_10V\Project_NFC_1_10V\IAR_Proj\..\Import\modules\NfcExt\api\"
#        -I "C:\C Pan\work\NFC
#        1-10\NFC2_1_10V\Project_NFC_1_10V\IAR_Proj\..\Import\modules\NfcExt\M24LRxx\"
#        -I "C:\C Pan\work\NFC
#        1-10\NFC2_1_10V\Project_NFC_1_10V\IAR_Proj\..\Application\src\modules\NVM\"
#        -I PROJ_DIR$\..\Application\src\modules\NVM\api\ -I "C:\C Pan\work\NFC
#        1-10\NFC2_1_10V\Project_NFC_1_10V\IAR_Proj\..\Application\src\modules\NVM\driver_api\"
#        -I "C:\C Pan\work\NFC
#        1-10\NFC2_1_10V\Project_NFC_1_10V\IAR_Proj\..\Application\src\modules\NVM\driver_xmc1300\"
#        -I "C:\C Pan\work\NFC
#        1-10\NFC2_1_10V\Project_NFC_1_10V\IAR_Proj\..\Application\src\modules\CRC\api\"
#        -I "C:\C Pan\work\NFC
#        1-10\NFC2_1_10V\Project_NFC_1_10V\IAR_Proj\..\Application\src\modules\CRC\driver_api\"
#        -I "C:\C Pan\work\NFC
#        1-10\NFC2_1_10V\Project_NFC_1_10V\IAR_Proj\..\Application\src\modules\currentset\"
#        -I "C:\C Pan\work\NFC
#        1-10\NFC2_1_10V\Project_NFC_1_10V\IAR_Proj\..\Application\src\modules\supplymonitor\"
#        -I "C:\C Pan\work\NFC
#        1-10\NFC2_1_10V\Project_NFC_1_10V\IAR_Proj\..\Application\src\modules\Dali\DaliServices\"
#        -I "C:\C Pan\work\NFC
#        1-10\NFC2_1_10V\Project_NFC_1_10V\IAR_Proj\..\Application\src\modules\Dali\HW\"
#        -I "C:\C Pan\work\NFC
#        1-10\NFC2_1_10V\Project_NFC_1_10V\IAR_Proj\..\Application\src\modules\Dali\iFace\Modules\"
#        -I "C:\C Pan\work\NFC
#        1-10\NFC2_1_10V\Project_NFC_1_10V\IAR_Proj\..\Application\src\modules\Dali\iFace\Optional\"
#        -I "C:\C Pan\work\NFC
#        1-10\NFC2_1_10V\Project_NFC_1_10V\IAR_Proj\..\Application\src\modules\Dali\iFace\Services\"
#        -I "C:\C Pan\work\NFC
#        1-10\NFC2_1_10V\Project_NFC_1_10V\IAR_Proj\..\Application\src\modules\MPC\Acl\"
#        -I "C:\C Pan\work\NFC
#        1-10\NFC2_1_10V\Project_NFC_1_10V\IAR_Proj\..\Application\src\modules\MPC\Alloc\"
#        -I "C:\C Pan\work\NFC
#        1-10\NFC2_1_10V\Project_NFC_1_10V\IAR_Proj\..\Application\src\modules\MPC\Alloc\Legacy\"
#        -I "C:\C Pan\work\NFC
#        1-10\NFC2_1_10V\Project_NFC_1_10V\IAR_Proj\..\Application\src\modules\MPC\Clm\"
#        -I "C:\C Pan\work\NFC
#        1-10\NFC2_1_10V\Project_NFC_1_10V\IAR_Proj\..\Application\src\modules\MPC\Csm\"
#        -I "C:\C Pan\work\NFC
#        1-10\NFC2_1_10V\Project_NFC_1_10V\IAR_Proj\..\Application\src\modules\MPC\Info\"
#        -I "C:\C Pan\work\NFC
#        1-10\NFC2_1_10V\Project_NFC_1_10V\IAR_Proj\..\Application\src\modules\MPC\MSK\"
#        -I "C:\C Pan\work\NFC
#        1-10\NFC2_1_10V\Project_NFC_1_10V\IAR_Proj\..\Application\src\modules\MPC\O2T\"
#        -I "C:\C Pan\work\NFC
#        1-10\NFC2_1_10V\Project_NFC_1_10V\IAR_Proj\..\Application\src\modules\MPC\AstroDim\"
#        -I "C:\C Pan\work\NFC
#        1-10\NFC2_1_10V\Project_NFC_1_10V\IAR_Proj\..\Application\src\modules\MPC\MSKEncryption\"
#        -I "C:\C Pan\work\NFC
#        1-10\NFC2_1_10V\Project_NFC_1_10V\IAR_Proj\..\Application\src\modules\MPC\Power\"
#        -I "C:\C Pan\work\NFC
#        1-10\NFC2_1_10V\Project_NFC_1_10V\IAR_Proj\..\Application\src\modules\MPC\EOL\"
#        -I "C:\C Pan\work\NFC
#        1-10\NFC2_1_10V\Project_NFC_1_10V\IAR_Proj\..\Application\src\modules\NFC\"
#        -I "C:\C Pan\work\NFC
#        1-10\NFC2_1_10V\Project_NFC_1_10V\IAR_Proj\..\Application\src\modules\I2C\"
#        -I "C:\C Pan\work\NFC
#        1-10\NFC2_1_10V\Project_NFC_1_10V\IAR_Proj\..\Application\src\modules\XMCLib\XMCLib\inc\"
#        -I "C:\C Pan\work\NFC
#        1-10\NFC2_1_10V\Project_NFC_1_10V\IAR_Proj\..\Application\src\modules\XMCLib\CMSIS\Include\"
#        -I "C:\C Pan\work\NFC
#        1-10\NFC2_1_10V\Project_NFC_1_10V\IAR_Proj\..\Application\src\modules\XMCLib\CMSIS\Infineon\XMC1300_series\Include\"
#        -I "C:\C Pan\work\NFC
#        1-10\NFC2_1_10V\Project_NFC_1_10V\IAR_Proj\..\Application\src\modules\CRC16\"
#        -I "C:\C Pan\work\NFC
#        1-10\NFC2_1_10V\Project_NFC_1_10V\IAR_Proj\..\Application\src\hwdrivers\XMC1300\"
#        -I "C:\C Pan\work\NFC
#        1-10\NFC2_1_10V\Project_NFC_1_10V\IAR_Proj\..\Application\src\modules\NVM\api\"
#        -I "C:\C Pan\work\NFC
#        1-10\NFC2_1_10V\Project_NFC_1_10V\IAR_Proj\..\Application\src\modules\supplymonitor\"
#        -Ol
#    Locale       =  Chinese (Simplified)_CHN.936
#    List file    =  
#        C:\C Pan\work\NFC
#        1-10\NFC2_1_10V\Project_NFC_1_10V\IAR_Proj\output\200W\List\tick.lst
#    Object file  =  
#        C:\C Pan\work\NFC
#        1-10\NFC2_1_10V\Project_NFC_1_10V\IAR_Proj\output\200W\Obj\tick.o
#
###############################################################################

C:\C Pan\work\NFC 1-10\NFC2_1_10V\Project_NFC_1_10V\Driver\src\tick.c
      1          /*
      2          ***************************************************************************************************
      3          *                               System Tick Timer Implementation
      4          *
      5          * File   : tick.c
      6          * Author : Douglas Xie
      7          * Date   : 2016.04.26
      8          ***************************************************************************************************
      9          * Copyright (C) 2016 OSRAM Asia Pacific Management Company.  All rights reserved.
     10          ***************************************************************************************************
     11          */
     12          
     13          /* Include Head Files ----------------------------------------------------------------------------*/
     14          #include "tick.h"

  #warning ::::::::::::::::::::::::::: Using original LEDset resistor (wrong for MP) :::::::::::::::::::::::::::
   ^
"C:\C Pan\work\NFC 1-10\NFC2_1_10V\Project_NFC_1_10V\Application\inc\power_config_200w.h",86  Warning[Pe1105]: 
          #warning directive: ::::::::::::::::::::::::::: Using original LEDset
          resistor (wrong for MP) :::::::::::::::::::::::::::

  #warning ::::::::::::::::::::::::::: Using original LEDset resistor (wrong for MP) :::::::::::::::::::::::::::
   ^
"C:\C Pan\work\NFC 1-10\NFC2_1_10V\Project_NFC_1_10V\Application\inc\power_config_200w.h",86  Warning[Pe1105]: 
          #warning directive: ::::::::::::::::::::::::::: Using original LEDset
          resistor (wrong for MP) :::::::::::::::::::::::::::
     15          
     16          /* Macro Defines ---------------------------------------------------------------------------------*/
     17          
     18          /* Global Variable -------------------------------------------------------------------------------*/
     19          volatile uint32_t g_global_ticks = 0;
     20          volatile uint16_t g_tick_frequency = 0;
     21          
     22          
     23          /* Function Declaration --------------------------------------------------------------------------*/
     24          
     25          /* Function Implement ----------------------------------------------------------------------------*/
     26          
     27          /*******************************************************************************
     28          * @Brief   Set System Tick Timer Interrupt Frequency
     29          * @Param   [in]tick_freq: system tick frequency value
     30          * @Note    input value can be TICKS_FREQ_NORMAL or TICKS_FREQ_LOW
     31          * @Return  
     32          *******************************************************************************/
     33          void Tick_SetFrequency(uint16_t tick_freq)
     34          {
     35              /* Set systick interval */
     36              SysTick_Config(SystemCoreClock / tick_freq);
     37              
     38              g_tick_frequency = tick_freq;
     39          }
     40          
     41          /*******************************************************************************
     42          * @Brief   Get System Tick Counter
     43          * @Param   
     44          * @Note    
     45          * @Return  return tick counter value
     46          *******************************************************************************/
     47          uint32_t Tick_GetTicks(void)
     48          {
     49              return g_global_ticks;
     50          }
     51          
     52          /*******************************************************************************
     53          * @Brief   Get System Tick Interrupt Frequency
     54          * @Param   
     55          * @Note    
     56          * @Return  return tick frequency
     57          *******************************************************************************/
     58          uint16_t Tick_GetTickFreq(void)
     59          {
     60              return g_tick_frequency;
     61          }
     62          
     63          /*******************************************************************************
     64          * @Brief   Set System Tick Timer IRQ Handler
     65          * @Param   
     66          * @Note    running tick action 
     67          * @Return  
     68          *******************************************************************************/
     69          void SysTick_Handler(void)
     70          {      
     71              extern uint8_t g_nfc_ini_flag;
     72              static uint8_t count=0;
     73              /* Update global tick counter for software delay */
     74              g_global_ticks++;
     75              
     76              /* Read ADC to buffer */
     77              ADC_ReadResult();
     78              
     79              /* Update software timer ticks */
     80              SWT_DecreaseTick();
     81               //P2_1_toggle();
     82              if(g_nfc_ini_flag==1)
     83              {
     84                  NfcCyclic();
                         ^
Warning[Pe223]: function "NfcCyclic" declared implicitly
     85                
     86                 
     87                  DaliBallast_CyclicTask();
                         ^
Warning[Pe223]: function "DaliBallast_CyclicTask" declared implicitly

      static uint8_t count=0;
                     ^
"C:\C Pan\work\NFC 1-10\NFC2_1_10V\Project_NFC_1_10V\Driver\src\tick.c",72  Warning[Pe177]: 
          variable "count" was declared but never referenced
     88              }
     89              /* Update nfc task software timer */
     90              
     91          }
     92          

   Maximum stack usage in bytes:

   .cstack Function
   ------- --------
      20   NVIC_SetPriority
       8   SysTick_Config
         8   -> NVIC_SetPriority
       8   SysTick_Handler
         8   -> ADC_ReadResult
         8   -> DaliBallast_CyclicTask
         8   -> NfcCyclic
         8   -> SWT_DecreaseTick
       0   Tick_GetTickFreq
       0   Tick_GetTicks
       8   Tick_SetFrequency
         8   -> SysTick_Config
         8 __aeabi_uidiv


   Section sizes:

   Bytes  Function/Label
   -----  --------------
       4  ??DataTable5
       4  ??DataTable5_1
       4  ??DataTable5_2
       4  ??DataTable5_3
       4  ??DataTable5_4
       4  ??DataTable5_5
       4  ??DataTable5_6
       4  ??DataTable5_7
       4  ??DataTable5_8
     132  NVIC_SetPriority
      48  SysTick_Config
      38  SysTick_Handler
       6  Tick_GetTickFreq
       6  Tick_GetTicks
      26  Tick_SetFrequency
       4  g_global_ticks
       2  g_tick_frequency

 
   6 bytes in section .bss
 292 bytes in section .text
 
 292 bytes of CODE memory
   6 bytes of DATA memory

Errors: none
Warnings: 5
