###############################################################################
#
# IAR ANSI C/C++ Compiler V7.80.1.11864/W32 for ARM       03/Apr/2019  11:37:55
# Copyright 1999-2016 IAR Systems AB.
#
#    Cpu mode     =  thumb
#    Endian       =  little
#    Source file  =  
#        C:\C Pan\work\NFC
#        1-10\NFC2_1_10V\Project_NFC_1_10V\Application\src\hwdrivers\XMC1300\xmc1300_ports_hwdriver.c
#    Command line =  
#        "C:\C Pan\work\NFC
#        1-10\NFC2_1_10V\Project_NFC_1_10V\Application\src\hwdrivers\XMC1300\xmc1300_ports_hwdriver.c"
#        -D XMC1301_T038x0064 -D OT_NFC_IP67_200W -D NDEBUG -D ENABLT_WDT -D
#        ENABLE_COMM -D ENABLE_USART -D nDEBUG_PRINT -D nDEBUG_VERSION -D
#        MODULE_I2C -D MODULE_M24LRxx -D MODULE_NFC -D MODULE_NFC_DALI -D
#        ENASTRO -D NO_FAST_TIME_ASTRO -D NO_EN_CLM_TIME_FAST -D ENABLE_OVP -D
#        ENABLE_MOBILE -D ENABLE_ONE2TEN -D BYTEORDER_LITTLE_ENDIAN -D
#        AVAILABLE_PORTS_NUMBER=3 -D FW_HIGH=01 -D FW_LOW=02 -D ENASTRO -D
#        MPC_O2T_DEFAULT_SETTINGS -D MPC_O2T_DEFAULT_BOUNDARIES -lc "C:\C
#        Pan\work\NFC
#        1-10\NFC2_1_10V\Project_NFC_1_10V\IAR_Proj\output\200W\List" -o "C:\C
#        Pan\work\NFC
#        1-10\NFC2_1_10V\Project_NFC_1_10V\IAR_Proj\output\200W\Obj" --no_cse
#        --no_unroll --no_inline --no_code_motion --no_tbaa --no_clustering
#        --no_scheduling --debug --endian=little --cpu=Cortex-M0 -e --fpu=None
#        --dlib_config "C:\Program Files (x86)\IAR Systems\IAR ARM
#        7.8\arm\INC\c\DLib_Config_Normal.h" -I "C:\C Pan\work\NFC
#        1-10\NFC2_1_10V\Project_NFC_1_10V\IAR_Proj\..\XMC_Peripheral_Library\XMCLib\inc\"
#        -I "C:\C Pan\work\NFC
#        1-10\NFC2_1_10V\Project_NFC_1_10V\IAR_Proj\..\XMC_Peripheral_Library\CMSIS\Infineon\XMC1300_series\Include\"
#        -I "C:\C Pan\work\NFC
#        1-10\NFC2_1_10V\Project_NFC_1_10V\IAR_Proj\..\XMC_Peripheral_Library\CMSIS\Include\"
#        -I "C:\C Pan\work\NFC
#        1-10\NFC2_1_10V\Project_NFC_1_10V\IAR_Proj\..\Application\inc\" -I
#        "C:\C Pan\work\NFC
#        1-10\NFC2_1_10V\Project_NFC_1_10V\IAR_Proj\..\Driver\inc\" -I "C:\C
#        Pan\work\NFC
#        1-10\NFC2_1_10V\Project_NFC_1_10V\IAR_Proj\..\Import\Config\devices\"
#        -I "C:\C Pan\work\NFC
#        1-10\NFC2_1_10V\Project_NFC_1_10V\IAR_Proj\..\Import\Config\" -I "C:\C
#        Pan\work\NFC
#        1-10\NFC2_1_10V\Project_NFC_1_10V\IAR_Proj\..\Import\driver_ot\" -I
#        "C:\C Pan\work\NFC
#        1-10\NFC2_1_10V\Project_NFC_1_10V\IAR_Proj\..\Import\modules\CRC\api\"
#        -I "C:\C Pan\work\NFC
#        1-10\NFC2_1_10V\Project_NFC_1_10V\IAR_Proj\..\Import\modules\CRC\driver_api\"
#        -I "C:\C Pan\work\NFC
#        1-10\NFC2_1_10V\Project_NFC_1_10V\IAR_Proj\..\Import\modules\fileTank\"
#        -I "C:\C Pan\work\NFC
#        1-10\NFC2_1_10V\Project_NFC_1_10V\IAR_Proj\..\Import\modules\I2cExt\api\"
#        -I "C:\C Pan\work\NFC
#        1-10\NFC2_1_10V\Project_NFC_1_10V\IAR_Proj\..\Import\modules\I2cExt\driver_api\"
#        -I "C:\C Pan\work\NFC
#        1-10\NFC2_1_10V\Project_NFC_1_10V\IAR_Proj\..\Import\modules\NfcExt\api\"
#        -I "C:\C Pan\work\NFC
#        1-10\NFC2_1_10V\Project_NFC_1_10V\IAR_Proj\..\Import\modules\NfcExt\M24LRxx\"
#        -I "C:\C Pan\work\NFC
#        1-10\NFC2_1_10V\Project_NFC_1_10V\IAR_Proj\..\Application\src\modules\NVM\"
#        -I PROJ_DIR$\..\Application\src\modules\NVM\api\ -I "C:\C Pan\work\NFC
#        1-10\NFC2_1_10V\Project_NFC_1_10V\IAR_Proj\..\Application\src\modules\NVM\driver_api\"
#        -I "C:\C Pan\work\NFC
#        1-10\NFC2_1_10V\Project_NFC_1_10V\IAR_Proj\..\Application\src\modules\NVM\driver_xmc1300\"
#        -I "C:\C Pan\work\NFC
#        1-10\NFC2_1_10V\Project_NFC_1_10V\IAR_Proj\..\Application\src\modules\CRC\api\"
#        -I "C:\C Pan\work\NFC
#        1-10\NFC2_1_10V\Project_NFC_1_10V\IAR_Proj\..\Application\src\modules\CRC\driver_api\"
#        -I "C:\C Pan\work\NFC
#        1-10\NFC2_1_10V\Project_NFC_1_10V\IAR_Proj\..\Application\src\modules\currentset\"
#        -I "C:\C Pan\work\NFC
#        1-10\NFC2_1_10V\Project_NFC_1_10V\IAR_Proj\..\Application\src\modules\supplymonitor\"
#        -I "C:\C Pan\work\NFC
#        1-10\NFC2_1_10V\Project_NFC_1_10V\IAR_Proj\..\Application\src\modules\Dali\DaliServices\"
#        -I "C:\C Pan\work\NFC
#        1-10\NFC2_1_10V\Project_NFC_1_10V\IAR_Proj\..\Application\src\modules\Dali\HW\"
#        -I "C:\C Pan\work\NFC
#        1-10\NFC2_1_10V\Project_NFC_1_10V\IAR_Proj\..\Application\src\modules\Dali\iFace\Modules\"
#        -I "C:\C Pan\work\NFC
#        1-10\NFC2_1_10V\Project_NFC_1_10V\IAR_Proj\..\Application\src\modules\Dali\iFace\Optional\"
#        -I "C:\C Pan\work\NFC
#        1-10\NFC2_1_10V\Project_NFC_1_10V\IAR_Proj\..\Application\src\modules\Dali\iFace\Services\"
#        -I "C:\C Pan\work\NFC
#        1-10\NFC2_1_10V\Project_NFC_1_10V\IAR_Proj\..\Application\src\modules\MPC\Acl\"
#        -I "C:\C Pan\work\NFC
#        1-10\NFC2_1_10V\Project_NFC_1_10V\IAR_Proj\..\Application\src\modules\MPC\Alloc\"
#        -I "C:\C Pan\work\NFC
#        1-10\NFC2_1_10V\Project_NFC_1_10V\IAR_Proj\..\Application\src\modules\MPC\Alloc\Legacy\"
#        -I "C:\C Pan\work\NFC
#        1-10\NFC2_1_10V\Project_NFC_1_10V\IAR_Proj\..\Application\src\modules\MPC\Clm\"
#        -I "C:\C Pan\work\NFC
#        1-10\NFC2_1_10V\Project_NFC_1_10V\IAR_Proj\..\Application\src\modules\MPC\Csm\"
#        -I "C:\C Pan\work\NFC
#        1-10\NFC2_1_10V\Project_NFC_1_10V\IAR_Proj\..\Application\src\modules\MPC\Info\"
#        -I "C:\C Pan\work\NFC
#        1-10\NFC2_1_10V\Project_NFC_1_10V\IAR_Proj\..\Application\src\modules\MPC\MSK\"
#        -I "C:\C Pan\work\NFC
#        1-10\NFC2_1_10V\Project_NFC_1_10V\IAR_Proj\..\Application\src\modules\MPC\O2T\"
#        -I "C:\C Pan\work\NFC
#        1-10\NFC2_1_10V\Project_NFC_1_10V\IAR_Proj\..\Application\src\modules\MPC\AstroDim\"
#        -I "C:\C Pan\work\NFC
#        1-10\NFC2_1_10V\Project_NFC_1_10V\IAR_Proj\..\Application\src\modules\MPC\MSKEncryption\"
#        -I "C:\C Pan\work\NFC
#        1-10\NFC2_1_10V\Project_NFC_1_10V\IAR_Proj\..\Application\src\modules\MPC\Power\"
#        -I "C:\C Pan\work\NFC
#        1-10\NFC2_1_10V\Project_NFC_1_10V\IAR_Proj\..\Application\src\modules\MPC\EOL\"
#        -I "C:\C Pan\work\NFC
#        1-10\NFC2_1_10V\Project_NFC_1_10V\IAR_Proj\..\Application\src\modules\NFC\"
#        -I "C:\C Pan\work\NFC
#        1-10\NFC2_1_10V\Project_NFC_1_10V\IAR_Proj\..\Application\src\modules\I2C\"
#        -I "C:\C Pan\work\NFC
#        1-10\NFC2_1_10V\Project_NFC_1_10V\IAR_Proj\..\Application\src\modules\XMCLib\XMCLib\inc\"
#        -I "C:\C Pan\work\NFC
#        1-10\NFC2_1_10V\Project_NFC_1_10V\IAR_Proj\..\Application\src\modules\XMCLib\CMSIS\Include\"
#        -I "C:\C Pan\work\NFC
#        1-10\NFC2_1_10V\Project_NFC_1_10V\IAR_Proj\..\Application\src\modules\XMCLib\CMSIS\Infineon\XMC1300_series\Include\"
#        -I "C:\C Pan\work\NFC
#        1-10\NFC2_1_10V\Project_NFC_1_10V\IAR_Proj\..\Application\src\modules\CRC16\"
#        -I "C:\C Pan\work\NFC
#        1-10\NFC2_1_10V\Project_NFC_1_10V\IAR_Proj\..\Application\src\hwdrivers\XMC1300\"
#        -I "C:\C Pan\work\NFC
#        1-10\NFC2_1_10V\Project_NFC_1_10V\IAR_Proj\..\Application\src\modules\NVM\api\"
#        -I "C:\C Pan\work\NFC
#        1-10\NFC2_1_10V\Project_NFC_1_10V\IAR_Proj\..\Application\src\modules\supplymonitor\"
#        -Ol
#    Locale       =  Chinese (Simplified)_CHN.936
#    List file    =  
#        C:\C Pan\work\NFC
#        1-10\NFC2_1_10V\Project_NFC_1_10V\IAR_Proj\output\200W\List\xmc1300_ports_hwdriver.lst
#    Object file  =  
#        C:\C Pan\work\NFC
#        1-10\NFC2_1_10V\Project_NFC_1_10V\IAR_Proj\output\200W\Obj\xmc1300_ports_hwdriver.o
#
###############################################################################

C:\C Pan\work\NFC 1-10\NFC2_1_10V\Project_NFC_1_10V\Application\src\hwdrivers\XMC1300\xmc1300_ports_hwdriver.c
      1          // ---------------------------------------------------------------------------------------------------------------------
      2          // OS3 module for OTi NONSELV Generation 2 ballasts
      3          // ---------------------------------------------------------------------------------------------------------------------
      4          // (c) Osram GmbH
      5          //     LE D - M
      6          //     Parkring 33
      7          //     85748 Garching
      8          //
      9          //
     10          // The content of this file is intellectual property of OSRAM GmbH. It is
     11          // confidential and not intended for any public release. All rights reserved.
     12          //
     13          //
     14          // Indent style: Replace tabs by spaces, 2 spaces per indentation level
     15          //
     16          // Initial version: C. Schwarzfischer, 2014-10
     17          // $Author: c.schwarzfischer $
     18          // $Revision: 6684 $
     19          // $Date: 2017-01-10 15:45:30 +0800 (Tue, 10 Jan 2017) $
     20          // $Id: xmc1300_ports_hwdriver.c 6684 2017-01-10 07:45:30Z c.schwarzfischer $
     21          // $URL: https://app-ehnsvn02.int.osram-light.com/svn/EC/Platforms/10%20Isolated/OT%20PSE%20DALI/branches/20180612_DALI_Update/src/hwdrivers/XMC1300/xmc1300_ports_hwdriver.c $
     22          
     23          /*******************************************************************************************************************//**
     24          * @file
     25          * @brief XMC1300 hardware driver for OS3 module
     26          ***********************************************************************************************************************/
     27          
     28          /*******************************************************************************************************************//**
     29          * @defgroup OS3 OS3 - 'O'perating 'S'ystem for 'OS'RAM 'O'ptotronic 'S'ings Module
     30          * @{
     31          ***********************************************************************************************************************/
     32          
     33          #ifdef __ICCARM__
     34          
     35          #include "global.h"
     36          #include "gpio_xmc1300_tssop38.h"
     37          #include "xmc1300_ports_hwdriver.h"
     38          
     39          //------------------------------------------------------------------------------
     40          void hw_P1_0_set(void)
     41          {
     42              P1_0_set();
     43          }
     44          
     45          //------------------------------------------------------------------------------
     46          void hw_P1_0_reset(void)
     47          {
     48              P1_0_reset();
     49          }
     50          
     51          //------------------------------------------------------------------------------
     52          void hw_P0_13_set(void)
     53          {
     54              P0_13_set();
     55          }
     56          
     57          //------------------------------------------------------------------------------
     58          void hw_P0_13_reset(void)
     59          {
     60              P0_13_reset();
     61          }
     62          
     63          //------------------------------------------------------------------------------
     64          void hw_P0_8_set(void)
     65          {
     66              P0_8_set();
     67          }
     68          
     69          //------------------------------------------------------------------------------
     70          void hw_P0_8_reset(void)
     71          {
     72              P0_8_reset();
     73          }
     74          
     75          #endif
     76          
     77          
     78          /** @}  End of group OS3 */

   Maximum stack usage in bytes:

   .cstack Function
   ------- --------
       0   P0_13_reset
       0   P0_13_set
       0   P0_8_reset
       0   P0_8_set
       0   P1_0_reset
       0   P1_0_set
       8   hw_P0_13_reset
         8   -> P0_13_reset
       8   hw_P0_13_set
         8   -> P0_13_set
       8   hw_P0_8_reset
         8   -> P0_8_reset
       8   hw_P0_8_set
         8   -> P0_8_set
       8   hw_P1_0_reset
         8   -> P1_0_reset
       8   hw_P1_0_set
         8   -> P1_0_set


   Section sizes:

   Bytes  Function/Label
   -----  --------------
       4  ??DataTable5
       4  ??DataTable5_1
      10  P0_13_reset
      10  P0_13_set
      10  P0_8_reset
      10  P0_8_set
      10  P1_0_reset
       8  P1_0_set
       8  hw_P0_13_reset
       8  hw_P0_13_set
       8  hw_P0_8_reset
       8  hw_P0_8_set
       8  hw_P1_0_reset
       8  hw_P1_0_set

 
 114 bytes in section .text
 
 114 bytes of CODE memory

Errors: none
Warnings: none
