###############################################################################
#
# IAR ANSI C/C++ Compiler V7.80.1.11864/W32 for ARM       10/Apr/2019  11:23:55
# Copyright 1999-2016 IAR Systems AB.
#
#    Cpu mode     =  thumb
#    Endian       =  little
#    Source file  =  
#        C:\C Pan\work\NFC
#        1-10\NFC2_1_10V\Project_NFC_1_10V\XMC_Peripheral_Library\XMCLib\src\xmc_wdt.c
#    Command line =  
#        "C:\C Pan\work\NFC
#        1-10\NFC2_1_10V\Project_NFC_1_10V\XMC_Peripheral_Library\XMCLib\src\xmc_wdt.c"
#        -D XMC1301_T038x0064 -D OT_NFC_IP67_200W -D NDEBUG -D ENABLT_WDT -D
#        ENABLE_COMM -D ENABLE_USART -D nDEBUG_PRINT -D nDEBUG_VERSION -D
#        MODULE_I2C -D MODULE_M24LRxx -D MODULE_NFC -D MODULE_NFC_DALI -D
#        ENASTRO -D NO_FAST_TIME_ASTRO -D NO_EN_CLM_TIME_FAST -D ENABLE_OVP -D
#        ENABLE_MOBILE -D ENABLE_ONE2TEN -D BYTEORDER_LITTLE_ENDIAN -D
#        AVAILABLE_PORTS_NUMBER=3 -D FW_HIGH=01 -D FW_LOW=02 -D ENASTRO -D
#        MPC_O2T_DEFAULT_SETTINGS -D MPC_O2T_DEFAULT_BOUNDARIES -lc "C:\C
#        Pan\work\NFC
#        1-10\NFC2_1_10V\Project_NFC_1_10V\IAR_Proj\output\200W\List" -o "C:\C
#        Pan\work\NFC
#        1-10\NFC2_1_10V\Project_NFC_1_10V\IAR_Proj\output\200W\Obj" --no_cse
#        --no_unroll --no_inline --no_code_motion --no_tbaa --no_clustering
#        --no_scheduling --debug --endian=little --cpu=Cortex-M0 -e --fpu=None
#        --dlib_config "C:\Program Files (x86)\IAR Systems\IAR ARM
#        7.8\arm\INC\c\DLib_Config_Normal.h" -I "C:\C Pan\work\NFC
#        1-10\NFC2_1_10V\Project_NFC_1_10V\IAR_Proj\..\XMC_Peripheral_Library\XMCLib\inc\"
#        -I "C:\C Pan\work\NFC
#        1-10\NFC2_1_10V\Project_NFC_1_10V\IAR_Proj\..\XMC_Peripheral_Library\CMSIS\Infineon\XMC1300_series\Include\"
#        -I "C:\C Pan\work\NFC
#        1-10\NFC2_1_10V\Project_NFC_1_10V\IAR_Proj\..\XMC_Peripheral_Library\CMSIS\Include\"
#        -I "C:\C Pan\work\NFC
#        1-10\NFC2_1_10V\Project_NFC_1_10V\IAR_Proj\..\Application\inc\" -I
#        "C:\C Pan\work\NFC
#        1-10\NFC2_1_10V\Project_NFC_1_10V\IAR_Proj\..\Driver\inc\" -I "C:\C
#        Pan\work\NFC
#        1-10\NFC2_1_10V\Project_NFC_1_10V\IAR_Proj\..\Import\Config\devices\"
#        -I "C:\C Pan\work\NFC
#        1-10\NFC2_1_10V\Project_NFC_1_10V\IAR_Proj\..\Import\Config\" -I "C:\C
#        Pan\work\NFC
#        1-10\NFC2_1_10V\Project_NFC_1_10V\IAR_Proj\..\Import\driver_ot\" -I
#        "C:\C Pan\work\NFC
#        1-10\NFC2_1_10V\Project_NFC_1_10V\IAR_Proj\..\Import\modules\CRC\api\"
#        -I "C:\C Pan\work\NFC
#        1-10\NFC2_1_10V\Project_NFC_1_10V\IAR_Proj\..\Import\modules\CRC\driver_api\"
#        -I "C:\C Pan\work\NFC
#        1-10\NFC2_1_10V\Project_NFC_1_10V\IAR_Proj\..\Import\modules\fileTank\"
#        -I "C:\C Pan\work\NFC
#        1-10\NFC2_1_10V\Project_NFC_1_10V\IAR_Proj\..\Import\modules\I2cExt\api\"
#        -I "C:\C Pan\work\NFC
#        1-10\NFC2_1_10V\Project_NFC_1_10V\IAR_Proj\..\Import\modules\I2cExt\driver_api\"
#        -I "C:\C Pan\work\NFC
#        1-10\NFC2_1_10V\Project_NFC_1_10V\IAR_Proj\..\Import\modules\NfcExt\api\"
#        -I "C:\C Pan\work\NFC
#        1-10\NFC2_1_10V\Project_NFC_1_10V\IAR_Proj\..\Import\modules\NfcExt\M24LRxx\"
#        -I "C:\C Pan\work\NFC
#        1-10\NFC2_1_10V\Project_NFC_1_10V\IAR_Proj\..\Application\src\modules\NVM\"
#        -I PROJ_DIR$\..\Application\src\modules\NVM\api\ -I "C:\C Pan\work\NFC
#        1-10\NFC2_1_10V\Project_NFC_1_10V\IAR_Proj\..\Application\src\modules\NVM\driver_api\"
#        -I "C:\C Pan\work\NFC
#        1-10\NFC2_1_10V\Project_NFC_1_10V\IAR_Proj\..\Application\src\modules\NVM\driver_xmc1300\"
#        -I "C:\C Pan\work\NFC
#        1-10\NFC2_1_10V\Project_NFC_1_10V\IAR_Proj\..\Application\src\modules\CRC\api\"
#        -I "C:\C Pan\work\NFC
#        1-10\NFC2_1_10V\Project_NFC_1_10V\IAR_Proj\..\Application\src\modules\CRC\driver_api\"
#        -I "C:\C Pan\work\NFC
#        1-10\NFC2_1_10V\Project_NFC_1_10V\IAR_Proj\..\Application\src\modules\currentset\"
#        -I "C:\C Pan\work\NFC
#        1-10\NFC2_1_10V\Project_NFC_1_10V\IAR_Proj\..\Application\src\modules\supplymonitor\"
#        -I "C:\C Pan\work\NFC
#        1-10\NFC2_1_10V\Project_NFC_1_10V\IAR_Proj\..\Application\src\modules\Dali\DaliServices\"
#        -I "C:\C Pan\work\NFC
#        1-10\NFC2_1_10V\Project_NFC_1_10V\IAR_Proj\..\Application\src\modules\Dali\HW\"
#        -I "C:\C Pan\work\NFC
#        1-10\NFC2_1_10V\Project_NFC_1_10V\IAR_Proj\..\Application\src\modules\Dali\iFace\Modules\"
#        -I "C:\C Pan\work\NFC
#        1-10\NFC2_1_10V\Project_NFC_1_10V\IAR_Proj\..\Application\src\modules\Dali\iFace\Optional\"
#        -I "C:\C Pan\work\NFC
#        1-10\NFC2_1_10V\Project_NFC_1_10V\IAR_Proj\..\Application\src\modules\Dali\iFace\Services\"
#        -I "C:\C Pan\work\NFC
#        1-10\NFC2_1_10V\Project_NFC_1_10V\IAR_Proj\..\Application\src\modules\MPC\Acl\"
#        -I "C:\C Pan\work\NFC
#        1-10\NFC2_1_10V\Project_NFC_1_10V\IAR_Proj\..\Application\src\modules\MPC\Alloc\"
#        -I "C:\C Pan\work\NFC
#        1-10\NFC2_1_10V\Project_NFC_1_10V\IAR_Proj\..\Application\src\modules\MPC\Alloc\Legacy\"
#        -I "C:\C Pan\work\NFC
#        1-10\NFC2_1_10V\Project_NFC_1_10V\IAR_Proj\..\Application\src\modules\MPC\Clm\"
#        -I "C:\C Pan\work\NFC
#        1-10\NFC2_1_10V\Project_NFC_1_10V\IAR_Proj\..\Application\src\modules\MPC\Csm\"
#        -I "C:\C Pan\work\NFC
#        1-10\NFC2_1_10V\Project_NFC_1_10V\IAR_Proj\..\Application\src\modules\MPC\Info\"
#        -I "C:\C Pan\work\NFC
#        1-10\NFC2_1_10V\Project_NFC_1_10V\IAR_Proj\..\Application\src\modules\MPC\MSK\"
#        -I "C:\C Pan\work\NFC
#        1-10\NFC2_1_10V\Project_NFC_1_10V\IAR_Proj\..\Application\src\modules\MPC\O2T\"
#        -I "C:\C Pan\work\NFC
#        1-10\NFC2_1_10V\Project_NFC_1_10V\IAR_Proj\..\Application\src\modules\MPC\AstroDim\"
#        -I "C:\C Pan\work\NFC
#        1-10\NFC2_1_10V\Project_NFC_1_10V\IAR_Proj\..\Application\src\modules\MPC\MSKEncryption\"
#        -I "C:\C Pan\work\NFC
#        1-10\NFC2_1_10V\Project_NFC_1_10V\IAR_Proj\..\Application\src\modules\MPC\Power\"
#        -I "C:\C Pan\work\NFC
#        1-10\NFC2_1_10V\Project_NFC_1_10V\IAR_Proj\..\Application\src\modules\MPC\EOL\"
#        -I "C:\C Pan\work\NFC
#        1-10\NFC2_1_10V\Project_NFC_1_10V\IAR_Proj\..\Application\src\modules\NFC\"
#        -I "C:\C Pan\work\NFC
#        1-10\NFC2_1_10V\Project_NFC_1_10V\IAR_Proj\..\Application\src\modules\I2C\"
#        -I "C:\C Pan\work\NFC
#        1-10\NFC2_1_10V\Project_NFC_1_10V\IAR_Proj\..\Application\src\modules\XMCLib\XMCLib\inc\"
#        -I "C:\C Pan\work\NFC
#        1-10\NFC2_1_10V\Project_NFC_1_10V\IAR_Proj\..\Application\src\modules\XMCLib\CMSIS\Include\"
#        -I "C:\C Pan\work\NFC
#        1-10\NFC2_1_10V\Project_NFC_1_10V\IAR_Proj\..\Application\src\modules\XMCLib\CMSIS\Infineon\XMC1300_series\Include\"
#        -I "C:\C Pan\work\NFC
#        1-10\NFC2_1_10V\Project_NFC_1_10V\IAR_Proj\..\Application\src\modules\CRC16\"
#        -I "C:\C Pan\work\NFC
#        1-10\NFC2_1_10V\Project_NFC_1_10V\IAR_Proj\..\Application\src\hwdrivers\XMC1300\"
#        -I "C:\C Pan\work\NFC
#        1-10\NFC2_1_10V\Project_NFC_1_10V\IAR_Proj\..\Application\src\modules\NVM\api\"
#        -I "C:\C Pan\work\NFC
#        1-10\NFC2_1_10V\Project_NFC_1_10V\IAR_Proj\..\Application\src\modules\supplymonitor\"
#        -Ol
#    Locale       =  Chinese (Simplified)_CHN.936
#    List file    =  
#        C:\C Pan\work\NFC
#        1-10\NFC2_1_10V\Project_NFC_1_10V\IAR_Proj\output\200W\List\xmc_wdt.lst
#    Object file  =  
#        C:\C Pan\work\NFC
#        1-10\NFC2_1_10V\Project_NFC_1_10V\IAR_Proj\output\200W\Obj\xmc_wdt.o
#
###############################################################################

C:\C Pan\work\NFC 1-10\NFC2_1_10V\Project_NFC_1_10V\XMC_Peripheral_Library\XMCLib\src\xmc_wdt.c
      1          /**
      2           * @file xmc_wdt.c
      3           * @date 2015-06-20
      4           *
      5           * @cond
      6           *********************************************************************************************************************
      7           * XMClib v2.1.6 - XMC Peripheral Driver Library 
      8           *
      9           * Copyright (c) 2015-2016, Infineon Technologies AG
     10           * All rights reserved.                        
     11           *                                             
     12           * Redistribution and use in source and binary forms, with or without modification,are permitted provided that the 
     13           * following conditions are met:   
     14           *                                                                              
     15           * Redistributions of source code must retain the above copyright notice, this list of conditions and the following 
     16           * disclaimer.                        
     17           * 
     18           * Redistributions in binary form must reproduce the above copyright notice, this list of conditions and the following 
     19           * disclaimer in the documentation and/or other materials provided with the distribution.                       
     20           * 
     21           * Neither the name of the copyright holders nor the names of its contributors may be used to endorse or promote 
     22           * products derived from this software without specific prior written permission.                                           
     23           *                                                                              
     24           * THIS SOFTWARE IS PROVIDED BY THE COPYRIGHT HOLDERS AND CONTRIBUTORS "AS IS" AND ANY EXPRESS OR IMPLIED WARRANTIES, 
     25           * INCLUDING, BUT NOT LIMITED TO, THE IMPLIED WARRANTIES OF MERCHANTABILITY AND FITNESS FOR A PARTICULAR PURPOSE ARE  
     26           * DISCLAIMED. IN NO EVENT SHALL THE COPYRIGHT HOLDER OR CONTRIBUTORS BE LIABLE  FOR ANY DIRECT, INDIRECT, INCIDENTAL, 
     27           * SPECIAL, EXEMPLARY, OR CONSEQUENTIAL DAMAGES (INCLUDING, BUT NOT LIMITED TO, PROCUREMENT OF SUBSTITUTE GOODS OR  
     28           * SERVICES; LOSS OF USE, DATA, OR PROFITS; OR BUSINESS INTERRUPTION) HOWEVER CAUSED AND ON ANY THEORY OF LIABILITY, 
     29           * WHETHER IN CONTRACT, STRICT LIABILITY,OR TORT (INCLUDING NEGLIGENCE OR OTHERWISE) ARISING IN ANY WAY OUT OF THE USE 
     30           * OF THIS SOFTWARE, EVEN IF ADVISED OF THE POSSIBILITY OF SUCH DAMAGE.                                                  
     31           *                                                                              
     32           * To improve the quality of the software, users are encouraged to share modifications, enhancements or bug fixes with 
     33           * Infineon Technologies AG dave@infineon.com).                                                          
     34           *********************************************************************************************************************
     35           *
     36           * Change History
     37           * --------------
     38           *
     39           * 2015-02-20:
     40           *     - Initial <br>
     41           *
     42           * 2015-06-20:
     43           *     - Removed definition of GetDriverVersion API <br>
     44           *
     45           * @endcond
     46           */
     47           
     48          /*********************************************************************************************************************
     49           * HEADER FILES
     50           ********************************************************************************************************************/
     51          #include "xmc_wdt.h"
     52          #include "xmc_scu.h"
     53          
     54          /*********************************************************************************************************************
     55           * API IMPLEMENTATION
     56            ********************************************************************************************************************/
     57          
     58          /* Enables watchdog clock and releases watchdog reset. */
     59          void XMC_WDT_Enable(void)
     60          {
     61          #if UC_FAMILY == XMC4
     62            XMC_SCU_CLOCK_EnableClock(XMC_SCU_CLOCK_WDT);
     63          #endif
     64          
     65          #if defined(CLOCK_GATING_SUPPORTED)
     66            XMC_SCU_CLOCK_UngatePeripheralClock(XMC_SCU_PERIPHERAL_CLOCK_WDT);
     67          #endif
     68          #if defined(PERIPHERAL_RESET_SUPPORTED)
     69            XMC_SCU_RESET_DeassertPeripheralReset(XMC_SCU_PERIPHERAL_RESET_WDT);
     70          #endif  
     71          }
     72          
     73          /* Disables watchdog clock and resets watchdog. */
     74          void XMC_WDT_Disable(void)
     75          {
     76          #if defined(PERIPHERAL_RESET_SUPPORTED)
     77            XMC_SCU_RESET_AssertPeripheralReset(XMC_SCU_PERIPHERAL_RESET_WDT);
     78          #endif  
     79          #if defined(CLOCK_GATING_SUPPORTED)
     80            XMC_SCU_CLOCK_GatePeripheralClock(XMC_SCU_PERIPHERAL_CLOCK_WDT); 
     81          #endif
     82          
     83          #if UC_FAMILY == XMC4
     84            XMC_SCU_CLOCK_DisableClock(XMC_SCU_CLOCK_WDT);
     85          #endif
     86          }
     87          /* Initializes and configures watchdog with configuration data pointed by \a config. */
     88          void XMC_WDT_Init(const XMC_WDT_CONFIG_t *const config)
     89          {
     90            XMC_WDT_Enable();
     91            WDT->CTR = config->wdt_ctr;
     92            WDT->WLB = config->window_lower_bound;
     93            WDT->WUB = config->window_upper_bound;
     94          }

   Maximum stack usage in bytes:

   .cstack Function
   ------- --------
       8   XMC_WDT_Disable
         8   -> XMC_SCU_CLOCK_GatePeripheralClock
       8   XMC_WDT_Enable
         8   -> XMC_SCU_CLOCK_UngatePeripheralClock
       8   XMC_WDT_Init
         8   -> XMC_WDT_Enable


   Section sizes:

   Bytes  Function/Label
   -----  --------------
       4  ??DataTable0
       4  ??DataTable0_1
       4  ??DataTable0_2
      12  XMC_WDT_Disable
      12  XMC_WDT_Enable
      28  XMC_WDT_Init

 
 64 bytes in section .text
 
 64 bytes of CODE memory

Errors: none
Warnings: none
